  templateClass3.cpp
C:\Users\venu\source\repos\templateClass3\templateClass3.cpp(34,21): warning C4305: 'argument': truncation from 'double' to 'const T1'
          with
          [
              T1=float
          ]
C:\Users\venu\source\repos\templateClass3\templateClass3.cpp(37,24): warning C4305: 'argument': truncation from 'double' to 'const T1'
          with
          [
              T1=float
          ]
C:\Users\venu\source\repos\templateClass3\templateClass3.cpp(40,19): warning C4244: 'argument': conversion from 'double' to 'const T1', possible loss of data
          with
          [
              T1=int
          ]
C:\Users\venu\source\repos\templateClass3\templateClass3.cpp(42,24): warning C4244: 'argument': conversion from 'double' to 'const T1', possible loss of data
          with
          [
              T1=int
          ]
  templateClass3.vcxproj -> C:\Users\venu\source\repos\templateClass3\x64\Debug\templateClass3.exe
